SF:lib\simple_architecture.dart
DA:16,0
DA:18,3
DA:19,3
DA:20,3
DA:22,1
DA:24,2
DA:25,2
DA:26,2
LF:8
LH:7
end_of_record
SF:lib\src\shared\mediator.dart
DA:4,1
DA:6,1
LF:2
LH:2
end_of_record
SF:lib\src\shared\settings.dart
DA:13,1
DA:18,1
DA:19,2
DA:26,1
DA:27,2
DA:28,1
DA:29,1
DA:33,2
DA:35,3
DA:36,2
DA:42,1
DA:43,2
DA:46,1
DA:47,1
DA:58,1
DA:59,3
DA:60,1
DA:61,1
DA:65,2
DA:67,3
DA:68,2
LF:21
LH:21
end_of_record
SF:lib\src\shared\element_not_found_exception.dart
DA:8,1
LF:1
LH:1
end_of_record
SF:lib\src\shared\duplicated_element_exception.dart
DA:8,1
LF:1
LH:1
end_of_record
SF:lib\src\shared\services.dart
DA:4,1
DA:6,1
LF:2
LH:2
end_of_record
