SF:lib\simple_architecture.dart
DA:26,3
DA:27,12
DA:28,9
DA:29,3
DA:36,12
DA:37,12
DA:38,12
DA:39,3
DA:41,4
DA:44,8
DA:45,8
DA:46,8
DA:59,3
DA:64,3
DA:66,3
DA:68,6
DA:70,11
DA:71,4
DA:72,2
DA:73,2
DA:76,6
DA:77,2
LF:22
LH:22
end_of_record
SF:lib\src\application\states.dart
DA:7,1
DA:18,1
DA:21,3
DA:22,2
DA:26,1
DA:27,2
LF:6
LH:6
end_of_record
SF:lib\src\shared\cancellation_token.dart
DA:4,1
DA:9,2
DA:13,1
DA:15,2
DA:17,2
DA:21,2
DA:23,2
DA:26,1
LF:8
LH:8
end_of_record
SF:lib\src\application\base_state.dart
DA:18,1
DA:25,1
DA:26,1
DA:31,1
DA:34,2
DA:35,2
DA:48,1
DA:49,2
DA:53,2
DA:54,4
DA:56,1
DA:57,1
DA:58,1
LF:13
LH:13
end_of_record
SF:lib\src\application\mediator.dart
DA:12,4
DA:28,4
DA:29,8
DA:30,8
DA:31,8
DA:32,8
DA:34,9
DA:35,1
DA:38,8
DA:39,8
DA:42,3
DA:43,6
DA:46,18
DA:48,3
DA:50,4
DA:51,2
DA:54,3
DA:56,3
DA:58,3
DA:60,2
DA:62,6
DA:65,2
DA:68,9
DA:69,15
DA:80,1
DA:86,3
DA:88,1
DA:89,1
DA:93,3
DA:95,1
DA:96,1
DA:116,1
DA:121,2
DA:122,1
DA:123,1
DA:128,2
DA:129,1
DA:130,1
DA:136,2
DA:137,1
DA:140,2
DA:142,2
DA:143,1
DA:146,2
DA:152,1
DA:153,4
DA:155,2
DA:158,1
DA:160,3
DA:166,1
DA:170,2
DA:173,2
DA:174,1
DA:175,1
DA:183,1
DA:186,3
DA:187,4
DA:189,1
DA:191,2
DA:195,1
DA:206,1
DA:209,4
DA:210,4
DA:213,2
DA:215,2
DA:216,1
DA:219,1
DA:220,1
DA:225,1
DA:226,1
DA:230,3
DA:231,1
DA:234,2
DA:235,1
DA:237,1
DA:239,1
DA:241,3
DA:242,1
DA:243,2
DA:248,1
DA:250,3
DA:257,1
LF:82
LH:82
end_of_record
SF:lib\src\exceptions\duplicated_element_exception.dart
DA:8,3
LF:1
LH:1
end_of_record
SF:lib\src\services\services.dart
DA:16,4
DA:24,4
DA:25,8
DA:26,8
DA:27,8
DA:28,8
DA:43,2
DA:46,6
DA:47,4
DA:62,2
DA:65,6
DA:66,4
DA:83,2
DA:86,6
DA:87,4
DA:90,3
DA:95,1
DA:100,6
DA:101,1
DA:102,1
DA:106,6
DA:107,1
DA:108,1
DA:112,3
DA:123,3
DA:124,3
DA:125,1
DA:128,3
DA:131,3
DA:132,6
DA:138,4
DA:141,2
DA:144,4
DA:147,1
DA:148,1
DA:153,2
DA:156,3
DA:161,9
DA:163,6
DA:164,3
DA:165,6
DA:167,3
DA:169,2
DA:173,6
DA:174,6
DA:177,3
DA:178,6
DA:179,2
DA:182,3
DA:183,3
DA:192,3
DA:196,3
DA:198,6
DA:203,1
DA:204,2
LF:55
LH:55
end_of_record
SF:lib\src\settings\settings.dart
DA:13,4
DA:18,4
DA:19,8
DA:27,1
DA:28,2
DA:29,1
DA:30,1
DA:34,2
DA:35,2
DA:36,3
DA:37,4
DA:44,1
DA:45,2
DA:48,1
DA:49,1
DA:61,1
DA:62,3
DA:63,1
DA:64,1
DA:68,2
DA:69,2
DA:70,3
DA:71,4
LF:23
LH:23
end_of_record
SF:lib\src\exceptions\element_not_found_exception.dart
DA:8,2
LF:1
LH:1
end_of_record
