SF:lib\simple_architecture.dart
DA:26,3
DA:27,12
DA:28,9
DA:29,3
DA:36,12
DA:37,12
DA:38,12
DA:39,3
DA:41,4
DA:44,8
DA:45,8
DA:46,8
DA:59,3
DA:64,3
DA:66,3
DA:68,11
DA:69,4
DA:70,2
DA:71,2
DA:74,6
DA:75,2
DA:78,6
LF:22
LH:22
end_of_record
SF:lib\src\application\states.dart
DA:7,1
DA:18,1
DA:21,3
DA:22,2
DA:26,1
DA:27,2
LF:6
LH:6
end_of_record
SF:lib\src\shared\cancellation_token.dart
DA:4,1
DA:9,2
DA:13,1
DA:15,2
DA:17,2
DA:21,2
DA:23,2
DA:26,1
LF:8
LH:8
end_of_record
SF:lib\src\application\base_state.dart
DA:18,1
DA:25,1
DA:26,1
DA:31,1
DA:34,2
DA:35,2
DA:48,1
DA:49,2
DA:53,2
DA:54,4
DA:56,1
DA:57,1
DA:58,1
LF:13
LH:13
end_of_record
SF:lib\src\application\mediator.dart
DA:10,4
DA:26,4
DA:27,8
DA:28,8
DA:29,8
DA:30,8
DA:32,9
DA:33,1
DA:36,8
DA:37,8
DA:40,3
DA:41,6
DA:44,18
DA:46,3
DA:48,4
DA:49,2
DA:52,3
DA:54,3
DA:56,3
DA:58,2
DA:60,6
DA:63,2
DA:66,9
DA:67,15
DA:78,1
DA:84,3
DA:86,1
DA:87,1
DA:91,3
DA:93,1
DA:94,1
DA:114,1
DA:119,2
DA:120,1
DA:121,1
DA:126,2
DA:127,1
DA:128,1
DA:134,2
DA:135,1
DA:138,2
DA:140,2
DA:141,1
DA:144,2
DA:150,1
DA:151,4
DA:153,2
DA:156,1
DA:158,3
DA:164,1
DA:168,2
DA:171,2
DA:172,1
DA:173,1
DA:181,1
DA:184,3
DA:185,4
DA:187,1
DA:189,2
DA:193,1
DA:204,1
DA:207,4
DA:208,4
DA:211,2
DA:213,2
DA:214,1
DA:217,1
DA:218,1
DA:223,1
DA:224,1
DA:228,3
DA:229,1
DA:232,2
DA:233,1
DA:235,1
DA:237,1
DA:239,3
DA:240,1
DA:241,2
DA:246,1
DA:248,3
DA:255,1
LF:82
LH:82
end_of_record
SF:lib\src\exceptions\duplicated_element_exception.dart
DA:8,3
LF:1
LH:1
end_of_record
SF:lib\src\services\services.dart
DA:16,4
DA:24,4
DA:25,8
DA:26,8
DA:27,8
DA:28,8
DA:43,2
DA:46,6
DA:47,4
DA:62,2
DA:65,6
DA:66,4
DA:83,2
DA:86,6
DA:87,4
DA:90,3
DA:95,1
DA:100,6
DA:101,1
DA:102,1
DA:106,6
DA:107,1
DA:108,1
DA:112,3
DA:123,3
DA:124,3
DA:125,1
DA:128,3
DA:131,3
DA:132,6
DA:138,4
DA:141,2
DA:144,4
DA:147,1
DA:148,1
DA:153,2
DA:156,3
DA:161,9
DA:163,6
DA:164,3
DA:165,6
DA:167,3
DA:169,2
DA:173,6
DA:174,6
DA:177,3
DA:178,6
DA:179,2
DA:182,3
DA:183,3
DA:192,3
DA:196,3
DA:198,6
DA:203,1
DA:204,2
LF:55
LH:55
end_of_record
SF:lib\src\settings\settings.dart
DA:13,4
DA:18,4
DA:19,8
DA:27,1
DA:28,2
DA:29,1
DA:30,1
DA:34,2
DA:35,2
DA:36,3
DA:37,4
DA:44,1
DA:45,2
DA:48,1
DA:49,1
DA:61,1
DA:62,3
DA:63,1
DA:64,1
DA:68,2
DA:69,2
DA:70,3
DA:71,4
LF:23
LH:23
end_of_record
SF:lib\src\exceptions\element_not_found_exception.dart
DA:8,2
LF:1
LH:1
end_of_record
